1.0045 	WARNING 	pyo audio lib was requested but not loaded: dlopen(/Applications/PsychoPy2.app/Contents/Resources/lib/python2.7/lib-dynload/_pyo.so, 2): Library not loaded: @executable_path/../Frameworks/liblo.7.dylib
  Referenced from: /Applications/PsychoPy2.app/Contents/Resources/lib/python2.7/lib-dynload/_pyo.so
  Reason: Incompatible library version: _pyo.so requires version 10.0.0 or later, but liblo.7.dylib provides version 9.0.0
3.5891 	EXP 	Created window1 = Window(allowGUI=True, allowStencil=False, autoLog=True, bitsMode=UNKNOWN, blendMode='avg', color=array([ 0.,  0.,  0.]), colorSpace='rgb', fullscr=UNKNOWN, gamma=None, lms=UNKNOWN, monitor=<psychopy.monitors.calibTools.Monitor instance at 0x10fd660e0>, name='window1', pos=[0, 0], screen=0, size=array([1440,  900]), stereo=False, units=u'norm', useFBO=True, viewOri=0.0, viewPos=None, viewScale=None, waitBlanking=True, winType='pyglet')
3.5892 	EXP 	window1: recordFrameIntervals = False
3.7555 	EXP 	window1: recordFrameIntervals = True
3.9392 	EXP 	window1: recordFrameIntervals = False
4.0147 	EXP 	Created text_instruction = TextStim(alignHoriz='center', alignVert='center', antialias=True, autoLog=True, bold=False, color=u'white', colorSpace='named', contrast=1.0, depth=0.0, flipHoriz=False, flipVert=False, font=u'Arial', fontFiles=[], height=0.1, italic=False, name='text_instruction', opacity=1.0, ori=0, pos=array([ 0.,  0.]), rgb=array([ 255.,  255.,  255.]), text=unicode(...), units=u'norm', win=Window(...), wrapWidth=1)
4.0310 	EXP 	Created text_task = TextStim(alignHoriz='center', alignVert='center', antialias=True, autoLog=True, bold=False, color=u'white', colorSpace='named', contrast=1.0, depth=0.0, flipHoriz=False, flipVert=False, font=u'Arial', fontFiles=[], height=0.1, italic=False, name='text_task', opacity=1.0, ori=0, pos=array([ 0.,  0.]), rgb=array([ 255.,  255.,  255.]), text=unicode(...), units=u'norm', win=Window(...), wrapWidth=1)
4.0346 	EXP 	Created text = TextStim(alignHoriz='center', alignVert='center', antialias=True, autoLog=True, bold=False, color=u'white', colorSpace='named', contrast=1.0, depth=0.0, flipHoriz=False, flipVert=False, font=u'Arial', fontFiles=[], height=0.1, italic=False, name='text', opacity=1.0, ori=0, pos=array([ 0.,  0.]), rgb=array([ 255.,  255.,  255.]), text=u'+', units=u'norm', win=Window(...), wrapWidth=1)
4.0379 	EXP 	Created image = ImageStim(autoLog=True, color=array([ 1.,  1.,  1.]), colorSpace='rgb', contrast=1.0, depth=0.0, flipHoriz=False, flipVert=False, image='sin', interpolate=True, mask=None, maskParams=None, name='image', opacity=1.0, ori=0.0, pos=array([ 0.,  0.]), size=array([ 0.5,  0.5]), texRes=128, units=u'norm', win=Window(...))
4.0468 	EXP 	Created text_2 = TextStim(alignHoriz='center', alignVert='center', antialias=True, autoLog=True, bold=False, color=u'white', colorSpace='named', contrast=1.0, depth=0.0, flipHoriz=False, flipVert=False, font=u'Arial', fontFiles=[], height=0.1, italic=False, name='text_2', opacity=1.0, ori=0, pos=array([ 0.,  0.]), rgb=array([ 255.,  255.,  255.]), text=u'+\nODOR', units=u'norm', win=Window(...), wrapWidth=1)
4.0603 	EXP 	Created text_3 = TextStim(alignHoriz='center', alignVert='center', antialias=True, autoLog=True, bold=False, color=u'white', colorSpace='named', contrast=1.0, depth=0.0, flipHoriz=False, flipVert=False, font=u'Arial', fontFiles=[], height=0.1, italic=False, name='text_3', opacity=1.0, ori=0, pos=array([ 0.,  0.]), rgb=array([ 255.,  255.,  255.]), text=u'Your answer was CORANS!', units=u'norm', win=Window(...), wrapWidth=1)
4.0700 	EXP 	window1: units = 'norm'
4.0999 	EXP 	window1: units = u'norm'
4.1001 	EXP 	Created rating_scale = RatingScale(acceptKeys=['return'], acceptPreText=UNKNOWN, acceptSize=UNKNOWN, acceptText=u'accept?', autoLog=True, choices=False, depth=0, disappear=False, flipVert=False, high=1, kwargs=UNKNOWN, labels=list(...), leftKeys=['left'], lineColor='White', low=0, marker=ShapeStim(...), markerColor='DarkBlue', markerExpansion=UNKNOWN, markerStart=5.0, maxTime=0.0, minTime=0.4, mouseOnly=False, name='rating_scale', noMouse=False, pos=[0.0, -0.4], precision=100, respKeys=['0', '1'], rightKeys=['right'], scale=u'', self=UNKNOWN, showAccept=True, showValue=False, singleClick=False, size=0.6, skipKeys=['tab'], stretch=1.0, textColor='LightGray', textFont='Helvetica Bold', textSize=0.12, tickHeight=1.0, tickMarks=1.0, win=Window(...))
4.1072 	EXP 	Created text_4 = TextStim(alignHoriz='center', alignVert='center', antialias=True, autoLog=True, bold=False, color=u'white', colorSpace='named', contrast=1.0, depth=0.0, flipHoriz=False, flipVert=False, font=u'Arial', fontFiles=[], height=0.1, italic=False, name='text_4', opacity=1.0, ori=0, pos=array([ 0.,  0.]), rgb=array([ 255.,  255.,  255.]), text=u'Closing text goes here.\n\nBye!', units=u'norm', win=Window(...), wrapWidth=1)
4.1178 	EXP 	rating_scale: flipVert = False
4.1178 	EXP 	rating_scale: autoLog = True
4.1178 	EXP 	text_instruction: autoDraw = True
4.9388 	DATA 	Keypress: num_1
6.1702 	DATA 	Keypress: num_1
7.0530 	DATA 	Keypress: 1
7.0701 	EXP 	Imported stimuli_data.xlsx as conditions, 16 conditions, 9 params
7.0704 	EXP 	Created sequence: random, trialTypes=16, nReps=1, seed=None
7.0708 	EXP 	New trial (rep=0, index=0): {u'stim_nr': 13, u'odor_channel': 4, u'corrAns_odor': u'pencil', u'corrAns_pic': u'apple', u'congruent': 0, u'stim_name': None, u'pic_file': u'apple.jpg', u'pic_name': u'apple', u'odor_name': u'pencil'}
7.0837 	EXP 	text_instruction: autoDraw = False
7.0837 	EXP 	text_task: autoDraw = True
8.2188 	DATA 	Keypress: 2
8.2338 	EXP 	text_task: autoDraw = False
8.2338 	EXP 	text: autoDraw = True
13.2423 	EXP 	text: autoDraw = False
13.2423 	EXP 	text: autoDraw = False
13.2423 	EXP 	image: image = u'apple.jpg'
13.2423 	EXP 	image: autoDraw = True
23.2143 	EXP 	image: autoDraw = False
23.2143 	EXP 	image: autoDraw = False
23.2143 	EXP 	text_2: autoDraw = True
28.2168 	EXP 	text_2: autoDraw = False
28.2168 	EXP 	text_2: autoDraw = False
28.2168 	EXP 	text_3: autoDraw = True
38.1971 	EXP 	RatingScale rating_scale: reset()
38.2080 	EXP 	text_3: autoDraw = False
38.2080 	EXP 	text_3: autoDraw = False
38.2080 	EXP 	rating_scale: autoDraw = True
41.8753 	DATA 	Keypress: right
42.3255 	DATA 	Keypress: left
42.5080 	DATA 	Keypress: left
43.7432 	DATA 	Keypress: left
43.9094 	DATA 	Keypress: left
44.0770 	DATA 	Keypress: left
44.2466 	DATA 	Keypress: left
44.4086 	DATA 	Keypress: left
44.5769 	DATA 	Keypress: left
44.7263 	DATA 	Keypress: left
44.9087 	DATA 	Keypress: left
45.5768 	DATA 	Keypress: space
47.4611 	DATA 	Keypress: 2
48.4606 	DATA 	Keypress: return
48.4624 	DATA 	RatingScale rating_scale: (key response) rating=0.9
48.4626 	DATA 	RatingScale rating_scale: rating RT=10.265
48.4626 	DATA 	RatingScale rating_scale: history=[(5.0, 0.0), (1.0, 3.679), (0.99, 4.131), (0.98, 4.313), (0.97, 5.549), (0.96, 5.714), (0.95, 5.881), (0.94, 6.049), (0.9299999999999999, 6.213), (0.9199999999999999, 6.383), (0.9099999999999999, 6.531), (0.8999999999999999, 6.713), (0.8999999999999999, 10.265)]
48.4776 	EXP 	New trial (rep=0, index=1): {u'stim_nr': 6, u'odor_channel': 2, u'corrAns_odor': u'strawberry', u'corrAns_pic': u'strawberry', u'congruent': 1, u'stim_name': None, u'pic_file': u'strawberry.jpg', u'pic_name': u'strawberry', u'odor_name': u'strawberry'}
48.4936 	EXP 	rating_scale: autoDraw = False
48.4936 	EXP 	text_task: autoDraw = True
51.1976 	DATA 	Keypress: 2
51.2279 	EXP 	text_task: autoDraw = False
51.2279 	EXP 	text: autoDraw = True
56.2308 	EXP 	text: autoDraw = False
56.2308 	EXP 	image: image = u'strawberry.jpg'
56.2308 	EXP 	image: autoDraw = True
60.0180 	DATA 	Keypress: 2
63.3870 	DATA 	Keypress: escape
