1.0959 	WARNING 	pyo audio lib was requested but not loaded: dlopen(/Applications/PsychoPy2.app/Contents/Resources/lib/python2.7/lib-dynload/_pyo.so, 2): Library not loaded: @executable_path/../Frameworks/liblo.7.dylib
  Referenced from: /Applications/PsychoPy2.app/Contents/Resources/lib/python2.7/lib-dynload/_pyo.so
  Reason: Incompatible library version: _pyo.so requires version 10.0.0 or later, but liblo.7.dylib provides version 9.0.0
3.3982 	EXP 	Created window1 = Window(allowGUI=True, allowStencil=False, autoLog=True, bitsMode=UNKNOWN, blendMode='avg', color=array([ 0.,  0.,  0.]), colorSpace='rgb', fullscr=UNKNOWN, gamma=None, lms=UNKNOWN, monitor=<psychopy.monitors.calibTools.Monitor instance at 0x10f4570e0>, name='window1', pos=[0, 0], screen=0, size=array([1440,  900]), stereo=False, units=u'norm', useFBO=True, viewOri=0.0, viewPos=None, viewScale=None, waitBlanking=True, winType='pyglet')
3.3983 	EXP 	window1: recordFrameIntervals = False
3.5647 	EXP 	window1: recordFrameIntervals = True
3.7494 	EXP 	window1: recordFrameIntervals = False
3.8414 	EXP 	Created text_instruction = TextStim(alignHoriz='center', alignVert='center', antialias=True, autoLog=True, bold=False, color=u'white', colorSpace='named', contrast=1.0, depth=0.0, flipHoriz=False, flipVert=False, font=u'Arial', fontFiles=[], height=0.1, italic=False, name='text_instruction', opacity=1.0, ori=0, pos=array([ 0.,  0.]), rgb=array([ 255.,  255.,  255.]), text=unicode(...), units=u'norm', win=Window(...), wrapWidth=1)
3.8586 	EXP 	Created text_task = TextStim(alignHoriz='center', alignVert='center', antialias=True, autoLog=True, bold=False, color=u'white', colorSpace='named', contrast=1.0, depth=0.0, flipHoriz=False, flipVert=False, font=u'Arial', fontFiles=[], height=0.1, italic=False, name='text_task', opacity=1.0, ori=0, pos=array([ 0.,  0.]), rgb=array([ 255.,  255.,  255.]), text=unicode(...), units=u'norm', win=Window(...), wrapWidth=1)
3.8662 	EXP 	Created text_scanner = TextStim(alignHoriz='center', alignVert='center', antialias=True, autoLog=True, bold=False, color=u'white', colorSpace='named', contrast=1.0, depth=0.0, flipHoriz=False, flipVert=False, font=u'Arial', fontFiles=[], height=0.1, italic=False, name='text_scanner', opacity=1.0, ori=0, pos=array([ 0.,  0.]), rgb=array([ 255.,  255.,  255.]), text=u'Waiting for scanner...', units=u'norm', win=Window(...), wrapWidth=1)
3.8710 	EXP 	Created text = TextStim(alignHoriz='center', alignVert='center', antialias=True, autoLog=True, bold=False, color=u'white', colorSpace='named', contrast=1.0, depth=0.0, flipHoriz=False, flipVert=False, font=u'Arial', fontFiles=[], height=0.1, italic=False, name='text', opacity=1.0, ori=0, pos=array([ 0.,  0.]), rgb=array([ 255.,  255.,  255.]), text=u'+', units=u'norm', win=Window(...), wrapWidth=1)
3.8731 	EXP 	Created image = ImageStim(autoLog=True, color=array([ 1.,  1.,  1.]), colorSpace='rgb', contrast=1.0, depth=0.0, flipHoriz=False, flipVert=False, image='sin', interpolate=True, mask=None, maskParams=None, name='image', opacity=1.0, ori=0.0, pos=array([ 0.,  0.]), size=array([ 0.5,  0.5]), texRes=128, units=u'norm', win=Window(...))
3.8811 	EXP 	Created text_2 = TextStim(alignHoriz='center', alignVert='center', antialias=True, autoLog=True, bold=False, color=u'white', colorSpace='named', contrast=1.0, depth=0.0, flipHoriz=False, flipVert=False, font=u'Arial', fontFiles=[], height=0.1, italic=False, name='text_2', opacity=1.0, ori=0, pos=array([ 0.,  0.]), rgb=array([ 255.,  255.,  255.]), text=u'+\nODOR', units=u'norm', win=Window(...), wrapWidth=1)
3.8891 	EXP 	Created text_breath = TextStim(alignHoriz='center', alignVert='center', antialias=True, autoLog=True, bold=False, color=u'white', colorSpace='named', contrast=1.0, depth=-1.0, flipHoriz=False, flipVert=False, font=u'Arial', fontFiles=[], height=0.1, italic=False, name='text_breath', opacity=1.0, ori=0, pos=array([ 0.,  0.]), rgb=array([ 255.,  255.,  255.]), text=u'*** Waiting for breath ... ***', units=u'norm', win=Window(...), wrapWidth=1)
3.8959 	EXP 	Created text_5 = TextStim(alignHoriz='center', alignVert='center', antialias=True, autoLog=True, bold=False, color=u'white', colorSpace='named', contrast=1.0, depth=-1.0, flipHoriz=False, flipVert=False, font=u'Arial', fontFiles=[], height=0.1, italic=False, name='text_5', opacity=1.0, ori=0, pos=array([ 0.,  0.]), rgb=array([ 255.,  255.,  255.]), text=u'Triggering odor ...', units=u'norm', win=Window(...), wrapWidth=1)
3.9068 	EXP 	Created text_3 = TextStim(alignHoriz='center', alignVert='center', antialias=True, autoLog=True, bold=False, color=u'white', colorSpace='named', contrast=1.0, depth=0.0, flipHoriz=False, flipVert=False, font=u'Arial', fontFiles=[], height=0.1, italic=False, name='text_3', opacity=1.0, ori=0, pos=array([ 0.,  0.]), rgb=array([ 255.,  255.,  255.]), text=u'Your answer was CORANS!', units=u'norm', win=Window(...), wrapWidth=1)
3.9229 	EXP 	window1: units = 'norm'
3.9544 	EXP 	window1: units = u'norm'
3.9546 	EXP 	Created rating_scale = RatingScale(acceptKeys=['return'], acceptPreText=UNKNOWN, acceptSize=UNKNOWN, acceptText=u'accept?', autoLog=True, choices=False, depth=0, disappear=False, flipVert=False, high=1, kwargs=UNKNOWN, labels=list(...), leftKeys=['left'], lineColor='White', low=0, marker=ShapeStim(...), markerColor='DarkBlue', markerExpansion=UNKNOWN, markerStart=5.0, maxTime=0.0, minTime=0.4, mouseOnly=False, name='rating_scale', noMouse=False, pos=[0.0, -0.4], precision=100, respKeys=['0', '1'], rightKeys=['right'], scale=u'', self=UNKNOWN, showAccept=True, showValue=False, singleClick=False, size=0.6, skipKeys=['tab'], stretch=1.0, textColor='LightGray', textFont='Helvetica Bold', textSize=0.12, tickHeight=1.0, tickMarks=1.0, win=Window(...))
3.9714 	EXP 	Created text_4 = TextStim(alignHoriz='center', alignVert='center', antialias=True, autoLog=True, bold=False, color=u'white', colorSpace='named', contrast=1.0, depth=0.0, flipHoriz=False, flipVert=False, font=u'Arial', fontFiles=[], height=0.1, italic=False, name='text_4', opacity=1.0, ori=0, pos=array([ 0.,  0.]), rgb=array([ 255.,  255.,  255.]), text=u'Closing text goes here.\n\nBye!', units=u'norm', win=Window(...), wrapWidth=1)
3.9820 	EXP 	rating_scale: flipVert = False
3.9820 	EXP 	rating_scale: autoLog = True
3.9820 	EXP 	text_instruction: autoDraw = True
9.6032 	DATA 	Keypress: 2
9.6130 	EXP 	Imported stimuli_data.xlsx as conditions, 16 conditions, 9 params
9.6134 	EXP 	Created sequence: random, trialTypes=16, nReps=1, seed=None
9.6139 	EXP 	New trial (rep=0, index=0): {u'stim_nr': 1, u'odor_channel': 1, u'corrAns_odor': 1, u'corrAns_pic': 1, u'congruent': 1, u'stim_name': None, u'pic_file': u'apple.jpg', u'pic_name': u'apple', u'odor_name': u'apple'}
9.6334 	EXP 	text_instruction: autoDraw = False
9.6334 	EXP 	text_task: autoDraw = True
14.6380 	DATA 	Keypress: 2
14.6537 	EXP 	text_task: autoDraw = False
14.6537 	EXP 	text_scanner: autoDraw = True
15.6542 	EXP 	text_scanner: autoDraw = False
15.6542 	EXP 	text_scanner: autoDraw = False
15.6542 	EXP 	text: autoDraw = True
20.6627 	EXP 	text: autoDraw = False
20.6627 	EXP 	image: image = u'apple.jpg'
20.6627 	EXP 	image: autoDraw = True
30.6454 	EXP 	image: autoDraw = False
30.6454 	EXP 	image: autoDraw = False
30.6454 	EXP 	text_2: autoDraw = True
35.6474 	EXP 	text_2: autoDraw = False
35.6474 	EXP 	text_2: autoDraw = False
35.6474 	EXP 	text_breath: autoDraw = True
39.3356 	DATA 	Keypress: e
39.3660 	EXP 	text_breath: autoDraw = False
39.3660 	EXP 	text_5: autoDraw = True
44.3688 	EXP 	text_5: autoDraw = False
46.8559 	DATA 	Keypress: e
63.7645 	DATA 	Keypress: 2
63.7787 	EXP 	text_3: autoDraw = True
65.9141 	DATA 	Keypress: 2
67.0161 	DATA 	Keypress: escape
