1.1240 	WARNING 	pyo audio lib was requested but not loaded: dlopen(/Applications/PsychoPy2.app/Contents/Resources/lib/python2.7/lib-dynload/_pyo.so, 2): Library not loaded: @executable_path/../Frameworks/liblo.7.dylib
  Referenced from: /Applications/PsychoPy2.app/Contents/Resources/lib/python2.7/lib-dynload/_pyo.so
  Reason: Incompatible library version: _pyo.so requires version 10.0.0 or later, but liblo.7.dylib provides version 9.0.0
3.7154 	EXP 	Created window1 = Window(allowGUI=True, allowStencil=False, autoLog=True, bitsMode=UNKNOWN, blendMode='avg', color=array([ 0.,  0.,  0.]), colorSpace='rgb', fullscr=UNKNOWN, gamma=None, lms=UNKNOWN, monitor=<psychopy.monitors.calibTools.Monitor instance at 0x110347170>, name='window1', pos=[0, 0], screen=0, size=array([1440,  900]), stereo=False, units=u'norm', useFBO=True, viewOri=0.0, viewPos=None, viewScale=None, waitBlanking=True, winType='pyglet')
3.7154 	EXP 	window1: recordFrameIntervals = False
3.8813 	EXP 	window1: recordFrameIntervals = True
4.0651 	EXP 	window1: recordFrameIntervals = False
4.1177 	EXP 	Created text_instruction = TextStim(alignHoriz='center', alignVert='center', antialias=True, autoLog=True, bold=False, color=u'white', colorSpace='named', contrast=1.0, depth=0.0, flipHoriz=False, flipVert=False, font=u'Arial', fontFiles=[], height=0.1, italic=False, name='text_instruction', opacity=1.0, ori=0, pos=array([ 0.,  0.]), rgb=array([ 255.,  255.,  255.]), text=u'default text', units=u'norm', win=Window(...), wrapWidth=1)
4.1221 	EXP 	Created text_variables_task = TextStim(alignHoriz='center', alignVert='center', antialias=True, autoLog=True, bold=False, color=u'white', colorSpace='named', contrast=1.0, depth=0.0, flipHoriz=False, flipVert=False, font=u'Arial', fontFiles=[], height=0.1, italic=False, name='text_variables_task', opacity=1.0, ori=0, pos=array([ 2.,  2.]), rgb=array([ 255.,  255.,  255.]), text=u'default text', units=u'norm', win=Window(...), wrapWidth=1)
4.1270 	EXP 	Created text_task = TextStim(alignHoriz='center', alignVert='center', antialias=True, autoLog=True, bold=False, color=u'white', colorSpace='named', contrast=1.0, depth=-1.0, flipHoriz=False, flipVert=False, font=u'Arial', fontFiles=[], height=0.1, italic=False, name='text_task', opacity=1.0, ori=0, pos=array([ 0.,  0.]), rgb=array([ 255.,  255.,  255.]), text=u'default text', units=u'norm', win=Window(...), wrapWidth=1)
4.1442 	EXP 	Created text_scanner = TextStim(alignHoriz='center', alignVert='center', antialias=True, autoLog=True, bold=False, color=u'white', colorSpace='named', contrast=1.0, depth=0.0, flipHoriz=False, flipVert=False, font=u'Arial', fontFiles=[], height=0.1, italic=False, name='text_scanner', opacity=1.0, ori=0, pos=array([ 0.,  0.]), rgb=array([ 255.,  255.,  255.]), text=u"Waiting for scanner...\n(Press 'a')", units=u'norm', win=Window(...), wrapWidth=1)
4.1483 	EXP 	Created text = TextStim(alignHoriz='center', alignVert='center', antialias=True, autoLog=True, bold=False, color=u'white', colorSpace='named', contrast=1.0, depth=0.0, flipHoriz=False, flipVert=False, font=u'Arial', fontFiles=[], height=0.1, italic=False, name='text', opacity=1.0, ori=0, pos=array([ 0.,  0.]), rgb=array([ 255.,  255.,  255.]), text=u'+', units=u'norm', win=Window(...), wrapWidth=1)
4.1506 	EXP 	Created stim_image_1 = ImageStim(autoLog=True, color=array([ 1.,  1.,  1.]), colorSpace='rgb', contrast=1.0, depth=0.0, flipHoriz=False, flipVert=False, image='sin', interpolate=True, mask=None, maskParams=None, name='stim_image_1', opacity=1.0, ori=0.0, pos=array([ 0.,  0.]), size=array([ 0.5,  0.5]), texRes=128, units=u'norm', win=Window(...))
4.1603 	EXP 	Created text_7 = TextStim(alignHoriz='center', alignVert='center', antialias=True, autoLog=True, bold=False, color=u'white', colorSpace='named', contrast=1.0, depth=-1.0, flipHoriz=False, flipVert=False, font=u'Arial', fontFiles=[], height=0.1, italic=False, name='text_7', opacity=1.0, ori=0, pos=array([ 0.,  0.]), rgb=array([ 255.,  255.,  255.]), text=u'Only the picture...', units=u'norm', win=Window(...), wrapWidth=1)
4.1698 	EXP 	Created text_breath = TextStim(alignHoriz='center', alignVert='center', antialias=True, autoLog=True, bold=False, color=u'white', colorSpace='named', contrast=1.0, depth=-1.0, flipHoriz=False, flipVert=False, font=u'Arial', fontFiles=[], height=0.1, italic=False, name='text_breath', opacity=1.0, ori=0, pos=array([ 0.,  0.]), rgb=array([ 255.,  255.,  255.]), text=u'*** Waiting for breath ... ***', units=u'norm', win=Window(...), wrapWidth=1)
4.1722 	EXP 	Created stim_image_2 = ImageStim(autoLog=True, color=array([ 1.,  1.,  1.]), colorSpace='rgb', contrast=1.0, depth=-2.0, flipHoriz=False, flipVert=False, image='sin', interpolate=True, mask=None, maskParams=None, name='stim_image_2', opacity=1.0, ori=0.0, pos=array([ 0.,  0.]), size=array([ 0.5,  0.5]), texRes=128, units=u'norm', win=Window(...))
4.1822 	EXP 	Created text_5 = TextStim(alignHoriz='center', alignVert='center', antialias=True, autoLog=True, bold=False, color=u'white', colorSpace='named', contrast=1.0, depth=-1.0, flipHoriz=False, flipVert=False, font=u'Arial', fontFiles=[], height=0.1, italic=False, name='text_5', opacity=1.0, ori=0, pos=array([ 0.,  0.]), rgb=array([ 255.,  255.,  255.]), text=u'Triggering odor for 5 seconds ...', units=u'norm', win=Window(...), wrapWidth=1)
4.1842 	EXP 	Created stim_image_3 = ImageStim(autoLog=True, color=array([ 1.,  1.,  1.]), colorSpace='rgb', contrast=1.0, depth=-2.0, flipHoriz=False, flipVert=False, image='sin', interpolate=True, mask=None, maskParams=None, name='stim_image_3', opacity=1.0, ori=0.0, pos=array([ 0.,  0.]), size=array([ 0.5,  0.5]), texRes=128, units=u'norm', win=Window(...))
4.1906 	EXP 	Created text_6 = TextStim(alignHoriz='center', alignVert='center', antialias=True, autoLog=True, bold=False, color=u'white', colorSpace='named', contrast=1.0, depth=-1.0, flipHoriz=False, flipVert=False, font=u'Arial', fontFiles=[], height=0.1, italic=False, name='text_6', opacity=1.0, ori=0, pos=array([ 0.,  0.]), rgb=array([ 255.,  255.,  255.]), text=u'Please answer!', units=u'norm', win=Window(...), wrapWidth=1)
4.2025 	EXP 	Created text_3 = TextStim(alignHoriz='center', alignVert='center', antialias=True, autoLog=True, bold=False, color=u'white', colorSpace='named', contrast=1.0, depth=0.0, flipHoriz=False, flipVert=False, font=u'Arial', fontFiles=[], height=0.1, italic=False, name='text_3', opacity=1.0, ori=0, pos=array([ 0.,  0.]), rgb=array([ 255.,  255.,  255.]), text=u'Your answer was CORANS!', units=u'norm', win=Window(...), wrapWidth=1)
4.2123 	EXP 	window1: units = 'norm'
4.2458 	EXP 	window1: units = u'norm'
4.2461 	EXP 	Created rating_scale = RatingScale(acceptKeys=['return'], acceptPreText=UNKNOWN, acceptSize=UNKNOWN, acceptText=u'accept?', autoLog=True, choices=False, depth=0, disappear=False, flipVert=False, high=1, kwargs=UNKNOWN, labels=list(...), leftKeys=['left'], lineColor='White', low=0, marker=ShapeStim(...), markerColor='DarkBlue', markerExpansion=UNKNOWN, markerStart=5.0, maxTime=0.0, minTime=0.4, mouseOnly=False, name='rating_scale', noMouse=False, pos=[0.0, -0.4], precision=100, respKeys=['0', '1'], rightKeys=['right'], scale=u'', self=UNKNOWN, showAccept=True, showValue=False, singleClick=False, size=0.6, skipKeys=['tab'], stretch=1.0, textColor='LightGray', textFont='Helvetica Bold', textSize=0.12, tickHeight=1.0, tickMarks=1.0, win=Window(...))
4.2540 	EXP 	Created text_rating = TextStim(alignHoriz='center', alignVert='center', antialias=True, autoLog=True, bold=False, color=u'white', colorSpace='named', contrast=1.0, depth=-1.0, flipHoriz=False, flipVert=False, font=u'Arial', fontFiles=[], height=0.1, italic=False, name='text_rating', opacity=1.0, ori=0, pos=array([ 0.,  0.]), rgb=array([ 255.,  255.,  255.]), text=u'Did you like it?', units=u'norm', win=Window(...), wrapWidth=1)
4.2698 	EXP 	Created text_4 = TextStim(alignHoriz='center', alignVert='center', antialias=True, autoLog=True, bold=False, color=u'white', colorSpace='named', contrast=1.0, depth=0.0, flipHoriz=False, flipVert=False, font=u'Arial', fontFiles=[], height=0.1, italic=False, name='text_4', opacity=1.0, ori=0, pos=array([ 0.,  0.]), rgb=array([ 255.,  255.,  255.]), text=u'Closing text goes here.\n\nBye!', units=u'norm', win=Window(...), wrapWidth=1)
4.3142 	EXP 	rating_scale: flipVert = False
4.3142 	EXP 	rating_scale: autoLog = True
4.3142 	EXP 	text_instruction: text = u'Placeholder welcome text.\n\nEnter here basic information about the following task.\nIncluding instructions and how to response.\n\n- Press 1, 2, 3 or 4 to continue -'
4.3142 	EXP 	text_instruction: autoDraw = True
5.2835 	DATA 	Keypress: 2
5.2921 	EXP 	Imported stimuli_data.xlsx as conditions, 16 conditions, 9 params
5.2927 	EXP 	Created sequence: random, trialTypes=16, nReps=1, seed=None
5.2935 	EXP 	New trial (rep=0, index=0): {u'stim_nr': 6, u'odor_channel': 2, u'corrAns_odor': 2, u'corrAns_pic': 2, u'congruent': 1, u'stim_name': None, u'pic_file': u'strawberry.jpg', u'pic_name': u'strawberry', u'odor_name': u'strawberry'}
5.4987 	EXP 	text_instruction: autoDraw = False
5.4987 	EXP 	text_variables_task: text = "psychopy.data.TrialHandler(\n\tdata={'ran': masked_array(data =\n [[0.0]\n [0.0]\n [0.0]\n [0.0]\n [0.0]\n [1.0]\n [0.0]\n [0.0]\n [0.0]\n [0.0]\n [0.0]\n [0.0]\n [0.0]\n [0.0]\n [0.0]\n [0.0]],\n             mask =\n [[False]\n [False]\n [False]\n [False]\n [False]\n [False]\n [False]\n [False]\n [False]\n [False]\n [False]\n [False]\n [False]\n [False]\n [False]\n [False]],\n       fill_value = 1e+20)\n, 'order': masked_array(data =\n [[--]\n [--]\n [--]\n [--]\n [--]\n [0.0]\n [--]\n [--]\n [--]\n [--]\n [--]\n [--]\n [--]\n [--]\n [--]\n [--]],\n             mask =\n [[ True]\n [ True]\n [ True]\n [ True]\n [ True]\n [False]\n [ True]\n [ True]\n [ True]\n [ True]\n [ True]\n [ True]\n [ True]\n [ True]\n [ True]\n [ True]],\n       fill_value = 1e+20)\n}\n\tautoLog=True\n\textraInfo=<type 'dict'>\n\tfinished=False\n\tmethod=random\n\tnRemaining=15\n\tnReps=1\n\tnTotal=16\n\tname=trials\n\torigin=None\n\toriginPath=-1\n\tseed=None\n\tsequenceIndices=<type 'numpy.ndarray'>\n\tthisIndex=5\n\tthisN=0\n\tthisRepN=0\n\tthisTrial=<class 'psychopy.data.TrialType'>\n\tthisTrialN=0\n\ttrialList=<type 'list'>\n)THIHI6of 16"
5.4987 	EXP 	text_task: text = u'Task instruction goes here.\n In the following task you have to ...\n- Press 1, 2, 3 or 4 to continue -'
5.4987 	EXP 	text_variables_task: autoDraw = True
5.4987 	EXP 	text_task: autoDraw = True
8.1007 	DATA 	Keypress: 2
8.1169 	EXP 	text_variables_task: autoDraw = False
8.1169 	EXP 	text_task: autoDraw = False
8.1169 	EXP 	text_scanner: autoDraw = True
8.8339 	DATA 	Keypress: 2
9.1008 	DATA 	Keypress: escape
1.0885 	WARNING 	pyo audio lib was requested but not loaded: dlopen(/Applications/PsychoPy2.app/Contents/Resources/lib/python2.7/lib-dynload/_pyo.so, 2): Library not loaded: @executable_path/../Frameworks/liblo.7.dylib
  Referenced from: /Applications/PsychoPy2.app/Contents/Resources/lib/python2.7/lib-dynload/_pyo.so
  Reason: Incompatible library version: _pyo.so requires version 10.0.0 or later, but liblo.7.dylib provides version 9.0.0
3.1614 	EXP 	Created window1 = Window(allowGUI=True, allowStencil=False, autoLog=True, bitsMode=UNKNOWN, blendMode='avg', color=array([ 0.,  0.,  0.]), colorSpace='rgb', fullscr=UNKNOWN, gamma=None, lms=UNKNOWN, monitor=<psychopy.monitors.calibTools.Monitor instance at 0x10f385170>, name='window1', pos=[0, 0], screen=0, size=array([1440,  900]), stereo=False, units=u'norm', useFBO=True, viewOri=0.0, viewPos=None, viewScale=None, waitBlanking=True, winType='pyglet')
3.1615 	EXP 	window1: recordFrameIntervals = False
3.3280 	EXP 	window1: recordFrameIntervals = True
3.6280 	EXP 	window1: recordFrameIntervals = False
3.6830 	EXP 	Created text_instruction = TextStim(alignHoriz='center', alignVert='center', antialias=True, autoLog=True, bold=False, color=u'white', colorSpace='named', contrast=1.0, depth=0.0, flipHoriz=False, flipVert=False, font=u'Arial', fontFiles=[], height=0.1, italic=False, name='text_instruction', opacity=1.0, ori=0, pos=array([ 0.,  0.]), rgb=array([ 255.,  255.,  255.]), text=u'default text', units=u'norm', win=Window(...), wrapWidth=1)
3.6876 	EXP 	Created text_variables_task = TextStim(alignHoriz='center', alignVert='center', antialias=True, autoLog=True, bold=False, color=u'white', colorSpace='named', contrast=1.0, depth=0.0, flipHoriz=False, flipVert=False, font=u'Arial', fontFiles=[], height=0.1, italic=False, name='text_variables_task', opacity=1.0, ori=0, pos=array([ 0.,  0.]), rgb=array([ 255.,  255.,  255.]), text=u'default text', units=u'norm', win=Window(...), wrapWidth=1)
3.6922 	EXP 	Created text_task = TextStim(alignHoriz='center', alignVert='center', antialias=True, autoLog=True, bold=False, color=u'white', colorSpace='named', contrast=1.0, depth=-1.0, flipHoriz=False, flipVert=False, font=u'Arial', fontFiles=[], height=0.1, italic=False, name='text_task', opacity=1.0, ori=0, pos=array([ 0.,  0.]), rgb=array([ 255.,  255.,  255.]), text=u'default text', units=u'norm', win=Window(...), wrapWidth=1)
3.7085 	EXP 	Created text_scanner = TextStim(alignHoriz='center', alignVert='center', antialias=True, autoLog=True, bold=False, color=u'white', colorSpace='named', contrast=1.0, depth=0.0, flipHoriz=False, flipVert=False, font=u'Arial', fontFiles=[], height=0.1, italic=False, name='text_scanner', opacity=1.0, ori=0, pos=array([ 0.,  0.]), rgb=array([ 255.,  255.,  255.]), text=u"Waiting for scanner...\n(Press 'a')", units=u'norm', win=Window(...), wrapWidth=1)
3.7139 	EXP 	Created text = TextStim(alignHoriz='center', alignVert='center', antialias=True, autoLog=True, bold=False, color=u'white', colorSpace='named', contrast=1.0, depth=0.0, flipHoriz=False, flipVert=False, font=u'Arial', fontFiles=[], height=0.1, italic=False, name='text', opacity=1.0, ori=0, pos=array([ 0.,  0.]), rgb=array([ 255.,  255.,  255.]), text=u'+', units=u'norm', win=Window(...), wrapWidth=1)
3.7164 	EXP 	Created stim_image_1 = ImageStim(autoLog=True, color=array([ 1.,  1.,  1.]), colorSpace='rgb', contrast=1.0, depth=0.0, flipHoriz=False, flipVert=False, image='sin', interpolate=True, mask=None, maskParams=None, name='stim_image_1', opacity=1.0, ori=0.0, pos=array([ 0.,  0.]), size=array([ 0.5,  0.5]), texRes=128, units=u'norm', win=Window(...))
3.7273 	EXP 	Created text_7 = TextStim(alignHoriz='center', alignVert='center', antialias=True, autoLog=True, bold=False, color=u'white', colorSpace='named', contrast=1.0, depth=-1.0, flipHoriz=False, flipVert=False, font=u'Arial', fontFiles=[], height=0.1, italic=False, name='text_7', opacity=1.0, ori=0, pos=array([ 0.,  0.]), rgb=array([ 255.,  255.,  255.]), text=u'Only the picture...', units=u'norm', win=Window(...), wrapWidth=1)
3.7355 	EXP 	Created text_breath = TextStim(alignHoriz='center', alignVert='center', antialias=True, autoLog=True, bold=False, color=u'white', colorSpace='named', contrast=1.0, depth=-1.0, flipHoriz=False, flipVert=False, font=u'Arial', fontFiles=[], height=0.1, italic=False, name='text_breath', opacity=1.0, ori=0, pos=array([ 0.,  0.]), rgb=array([ 255.,  255.,  255.]), text=u'*** Waiting for breath ... ***', units=u'norm', win=Window(...), wrapWidth=1)
3.7375 	EXP 	Created stim_image_2 = ImageStim(autoLog=True, color=array([ 1.,  1.,  1.]), colorSpace='rgb', contrast=1.0, depth=-2.0, flipHoriz=False, flipVert=False, image='sin', interpolate=True, mask=None, maskParams=None, name='stim_image_2', opacity=1.0, ori=0.0, pos=array([ 0.,  0.]), size=array([ 0.5,  0.5]), texRes=128, units=u'norm', win=Window(...))
3.7463 	EXP 	Created text_5 = TextStim(alignHoriz='center', alignVert='center', antialias=True, autoLog=True, bold=False, color=u'white', colorSpace='named', contrast=1.0, depth=-1.0, flipHoriz=False, flipVert=False, font=u'Arial', fontFiles=[], height=0.1, italic=False, name='text_5', opacity=1.0, ori=0, pos=array([ 0.,  0.]), rgb=array([ 255.,  255.,  255.]), text=u'Triggering odor for 5 seconds ...', units=u'norm', win=Window(...), wrapWidth=1)
3.7483 	EXP 	Created stim_image_3 = ImageStim(autoLog=True, color=array([ 1.,  1.,  1.]), colorSpace='rgb', contrast=1.0, depth=-2.0, flipHoriz=False, flipVert=False, image='sin', interpolate=True, mask=None, maskParams=None, name='stim_image_3', opacity=1.0, ori=0.0, pos=array([ 0.,  0.]), size=array([ 0.5,  0.5]), texRes=128, units=u'norm', win=Window(...))
3.7551 	EXP 	Created text_6 = TextStim(alignHoriz='center', alignVert='center', antialias=True, autoLog=True, bold=False, color=u'white', colorSpace='named', contrast=1.0, depth=-1.0, flipHoriz=False, flipVert=False, font=u'Arial', fontFiles=[], height=0.1, italic=False, name='text_6', opacity=1.0, ori=0, pos=array([ 0.,  0.]), rgb=array([ 255.,  255.,  255.]), text=u'Please answer!', units=u'norm', win=Window(...), wrapWidth=1)
3.7672 	EXP 	Created text_3 = TextStim(alignHoriz='center', alignVert='center', antialias=True, autoLog=True, bold=False, color=u'white', colorSpace='named', contrast=1.0, depth=0.0, flipHoriz=False, flipVert=False, font=u'Arial', fontFiles=[], height=0.1, italic=False, name='text_3', opacity=1.0, ori=0, pos=array([ 0.,  0.]), rgb=array([ 255.,  255.,  255.]), text=u'Your answer was CORANS!', units=u'norm', win=Window(...), wrapWidth=1)
3.7763 	EXP 	window1: units = 'norm'
3.8096 	EXP 	window1: units = u'norm'
3.8098 	EXP 	Created rating_scale = RatingScale(acceptKeys=['return'], acceptPreText=UNKNOWN, acceptSize=UNKNOWN, acceptText=u'accept?', autoLog=True, choices=False, depth=0, disappear=False, flipVert=False, high=1, kwargs=UNKNOWN, labels=list(...), leftKeys=['left'], lineColor='White', low=0, marker=ShapeStim(...), markerColor='DarkBlue', markerExpansion=UNKNOWN, markerStart=5.0, maxTime=0.0, minTime=0.4, mouseOnly=False, name='rating_scale', noMouse=False, pos=[0.0, -0.4], precision=100, respKeys=['0', '1'], rightKeys=['right'], scale=u'', self=UNKNOWN, showAccept=True, showValue=False, singleClick=False, size=0.6, skipKeys=['tab'], stretch=1.0, textColor='LightGray', textFont='Helvetica Bold', textSize=0.12, tickHeight=1.0, tickMarks=1.0, win=Window(...))
3.8182 	EXP 	Created text_rating = TextStim(alignHoriz='center', alignVert='center', antialias=True, autoLog=True, bold=False, color=u'white', colorSpace='named', contrast=1.0, depth=-1.0, flipHoriz=False, flipVert=False, font=u'Arial', fontFiles=[], height=0.1, italic=False, name='text_rating', opacity=1.0, ori=0, pos=array([ 0.,  0.]), rgb=array([ 255.,  255.,  255.]), text=u'Did you like it?', units=u'norm', win=Window(...), wrapWidth=1)
3.8346 	EXP 	Created text_4 = TextStim(alignHoriz='center', alignVert='center', antialias=True, autoLog=True, bold=False, color=u'white', colorSpace='named', contrast=1.0, depth=0.0, flipHoriz=False, flipVert=False, font=u'Arial', fontFiles=[], height=0.1, italic=False, name='text_4', opacity=1.0, ori=0, pos=array([ 0.,  0.]), rgb=array([ 255.,  255.,  255.]), text=u'Closing text goes here.\n\nBye!', units=u'norm', win=Window(...), wrapWidth=1)
3.8782 	EXP 	rating_scale: flipVert = False
3.8782 	EXP 	rating_scale: autoLog = True
3.8782 	EXP 	text_instruction: text = u'Placeholder welcome text.\n\nEnter here basic information about the following task.\nIncluding instructions and how to response.\n\n- Press 1, 2, 3 or 4 to continue -'
3.8782 	EXP 	text_instruction: autoDraw = True
4.3641 	DATA 	Keypress: 2
4.3729 	EXP 	Imported stimuli_data.xlsx as conditions, 16 conditions, 9 params
4.3733 	EXP 	Created sequence: random, trialTypes=16, nReps=1, seed=None
4.3737 	EXP 	New trial (rep=0, index=0): {u'stim_nr': 9, u'odor_channel': 3, u'corrAns_odor': 3, u'corrAns_pic': 1, u'congruent': 0, u'stim_name': None, u'pic_file': u'apple.jpg', u'pic_name': u'apple', u'odor_name': u'wood'}
4.5771 	EXP 	text_instruction: autoDraw = False
4.5771 	EXP 	text_variables_task: text = "psychopy.data.TrialHandler(\n\tdata={'ran': masked_array(data =\n [[0.0]\n [0.0]\n [0.0]\n [0.0]\n [0.0]\n [0.0]\n [0.0]\n [0.0]\n [1.0]\n [0.0]\n [0.0]\n [0.0]\n [0.0]\n [0.0]\n [0.0]\n [0.0]],\n             mask =\n [[False]\n [False]\n [False]\n [False]\n [False]\n [False]\n [False]\n [False]\n [False]\n [False]\n [False]\n [False]\n [False]\n [False]\n [False]\n [False]],\n       fill_value = 1e+20)\n, 'order': masked_array(data =\n [[--]\n [--]\n [--]\n [--]\n [--]\n [--]\n [--]\n [--]\n [0.0]\n [--]\n [--]\n [--]\n [--]\n [--]\n [--]\n [--]],\n             mask =\n [[ True]\n [ True]\n [ True]\n [ True]\n [ True]\n [ True]\n [ True]\n [ True]\n [False]\n [ True]\n [ True]\n [ True]\n [ True]\n [ True]\n [ True]\n [ True]],\n       fill_value = 1e+20)\n}\n\tautoLog=True\n\textraInfo=<type 'dict'>\n\tfinished=False\n\tmethod=random\n\tnRemaining=15\n\tnReps=1\n\tnTotal=16\n\tname=trials\n\torigin=None\n\toriginPath=-1\n\tseed=None\n\tsequenceIndices=<type 'numpy.ndarray'>\n\tthisIndex=8\n\tthisN=0\n\tthisRepN=0\n\tthisTrial=<class 'psychopy.data.TrialType'>\n\tthisTrialN=0\n\ttrialList=<type 'list'>\n)THIHI9of 16"
4.5771 	EXP 	text_task: text = u'Task instruction goes here.\n In the following task you have to ...\n- Press 1, 2, 3 or 4 to continue -'
4.5771 	EXP 	text_variables_task: autoDraw = True
4.5771 	EXP 	text_task: autoDraw = True
13.6504 	DATA 	Keypress: 2
13.6662 	EXP 	text_variables_task: autoDraw = False
13.6662 	EXP 	text_task: autoDraw = False
13.6662 	EXP 	text_scanner: autoDraw = True
14.2836 	DATA 	Keypress: 2
15.1685 	DATA 	Keypress: escape
